
ROOT - 19-02-2026 11:30:06 - INFO -  logged in  successfully
sejal - 19-02-2026 11:31:24 - DEBUG - You are in TakeOrder function now
sejal - 19-02-2026 11:31:24 - INFO - Customer is ordering a food
sejal - 19-02-2026 11:31:36 - DEBUG - Cursor connection is created
sejal - 19-02-2026 11:31:36 - DEBUG - order saved successfully dict_items([('Tea', {'qty': 2, 'price': Decimal('15.00'), 'item_total': Decimal('30.00')}), ('Dosa', {'qty': 3, 'price': Decimal('60.00'), 'item_total': Decimal('180.00')})])
sejal - 19-02-2026 11:31:36 - INFO - You are in GenerateBill function
sejal - 19-02-2026 11:31:36 - DEBUG - Final Grand Total Calculated: 210.00
sejal - 19-02-2026 11:31:36 - DEBUG - Final Grand Total Calculated: 210.00
sejal - 19-02-2026 11:31:36 - INFO - Bill is printed succesfully
sejal - 19-02-2026 11:31:36 - INFO -  logged in  successfully
sejal - 19-02-2026 11:38:01 - DEBUG - You are in TakeOrder function now
sejal - 19-02-2026 11:38:01 - INFO - Customer is ordering a food
sejal - 19-02-2026 11:38:22 - DEBUG - Cursor connection is created
sejal - 19-02-2026 11:38:22 - DEBUG - order saved successfully dict_items([('Idli', {'qty': 2, 'price': Decimal('30.00'), 'item_total': Decimal('60.00')}), ('Dosa', {'qty': 2, 'price': Decimal('60.00'), 'item_total': Decimal('120.00')}), ('Coffee', {'qty': 2, 'price': Decimal('25.00'), 'item_total': Decimal('50.00')})])
sejal - 19-02-2026 11:38:22 - INFO - You are in GenerateBill function
sejal - 19-02-2026 11:38:22 - ERROR - Connection failed
sejal - 19-02-2026 11:39:25 - DEBUG - You are in TakeOrder function now
sejal - 19-02-2026 11:39:25 - INFO - Customer is ordering a food
sejal - 19-02-2026 11:39:46 - DEBUG - Cursor connection is created
sejal - 19-02-2026 11:39:46 - DEBUG - order saved successfully dict_items([('Idli', {'qty': 2, 'price': Decimal('30.00'), 'item_total': Decimal('60.00')}), ('Dosa', {'qty': 2, 'price': Decimal('60.00'), 'item_total': Decimal('120.00')}), ('Coffee', {'qty': 2, 'price': Decimal('25.00'), 'item_total': Decimal('50.00')})])
sejal - 19-02-2026 11:39:46 - INFO - You are in GenerateBill function
sejal - 19-02-2026 11:39:46 - ERROR - Connection failed
sejal - 19-02-2026 11:42:16 - DEBUG - You are in TakeOrder function now
sejal - 19-02-2026 11:42:16 - INFO - Customer is ordering a food
sejal - 19-02-2026 11:42:27 - DEBUG - Cursor connection is created
sejal - 19-02-2026 11:42:27 - DEBUG - order saved successfully dict_items([('Dosa', {'qty': 2, 'price': Decimal('60.00'), 'item_total': Decimal('120.00')}), ('Coffee', {'qty': 2, 'price': Decimal('25.00'), 'item_total': Decimal('50.00')})])
sejal - 19-02-2026 11:42:27 - INFO - You are in GenerateBill function
sejal - 19-02-2026 11:42:27 - DEBUG - Final Grand Total Calculated: 170.00
sejal - 19-02-2026 11:42:27 - ERROR - Connection failed
sejal - 19-02-2026 11:45:54 - DEBUG - You are in TakeOrder function now
sejal - 19-02-2026 11:45:54 - INFO - Customer is ordering a food
sejal - 19-02-2026 11:46:14 - DEBUG - Cursor connection is created
sejal - 19-02-2026 11:46:14 - DEBUG - order saved successfully dict_items([('Tea', {'qty': 2, 'price': Decimal('15.00'), 'item_total': Decimal('30.00')}), ('Dosa', {'qty': 2, 'price': Decimal('60.00'), 'item_total': Decimal('120.00')})])
sejal - 19-02-2026 11:46:14 - INFO - You are in GenerateBill function
sejal - 19-02-2026 11:46:14 - DEBUG - Final Grand Total Calculated: 150.00
sejal - 19-02-2026 11:46:14 - DEBUG - Final Grand Total Calculated: 150.00
sejal - 19-02-2026 11:46:14 - INFO - Bill is printed succesfully
sejal - 19-02-2026 11:46:14 - INFO -  logged in  successfully
sejal - 19-02-2026 12:42:53 - DEBUG - You are in TakeOrder function now
sejal - 19-02-2026 12:42:53 - INFO - Customer is ordering a food
sejal - 19-02-2026 12:43:02 - ERROR - Entering invalid data
sejal - 19-02-2026 12:43:02 - INFO - Customer is ordering a food
sejal - 19-02-2026 12:43:17 - DEBUG - Cursor connection is created
sejal - 19-02-2026 12:43:17 - DEBUG - order saved successfully dict_items([('Tea', {'qty': 2, 'price': Decimal('15.00'), 'item_total': Decimal('30.00')}), ('Dosa', {'qty': 2, 'price': Decimal('60.00'), 'item_total': Decimal('120.00')})])
sejal - 19-02-2026 12:43:17 - INFO - You are in GenerateBill function
sejal - 19-02-2026 12:43:17 - DEBUG - Final Grand Total Calculated: 150.00
sejal - 19-02-2026 12:43:17 - DEBUG - Final Grand Total Calculated: 150.00
sejal - 19-02-2026 12:43:17 - INFO - Bill is printed succesfully
sejal - 19-02-2026 12:43:17 - INFO -  logged in  successfully
